writeCommonTags: couldn't write 'track' tag to 'P_nk_Just_Give_Me_A_Reason_ft_Nate_Ruess_OpQFFLBMEPI.m4a' as it's not a positive integer
writeCommonTags: couldn't write 'track' tag to 'Demi_Lovato_Heart_Attack_Official_Audio_40cxXdKxE5M.m4a' as it's not a positive integer
writeCommonTags: couldn't write 'track' tag to 'I_Want_to_date_You_mzmhT2KomYc.m4a' as it's not a positive integer
writeCommonTags: couldn't write 'track' tag to 'Axel_Te_Voy_A_Amar_KZh60U1PqSE.m4a' as it's not a positive integer
writeCommonTags: couldn't write 'track' tag to 'The_Real_Slim_Shady_r5MR7_INQwg.m4a' as it's not a positive integer
writeCommonTags: couldn't write 'track' tag to '0X1_LOVESONG_I_Know_I_Love_You_Seori_Emocore_Mix_ot5ynAV7MMA.m4a' as it's not a positive integer
writeCommonTags: couldn't write 'track' tag to 'GT_DAN_DAN_FIELD_OF_VIEW_Covered_by_CwLTQmrXLww.m4a' as it's not a positive integer
writeCommonTags: couldn't write 'track' tag to 'BANGTAN_BOMB_Someone_like_you_sung_produced_by_V_56jN9-cMEBU.m4a' as it's not a positive integer
writeCommonTags: couldn't write 'track' tag to 'If_You_Jungkook_BTS_Traducida_al_Espa_ol_hNpUeeUoGwA.m4a' as it's not a positive integer
writeCommonTags: couldn't write 'track' tag to 'Joyce_3Uc41zTco0c.m4a' as it's not a positive integer
writeCommonTags: couldn't write 'track' tag to 'AFRODISIACO_UjD3nfKi0vU.m4a' as it's not a positive integer
writeCommonTags: couldn't write 'track' tag to 'Standing_Next_to_You_sn0viUbmUVU.m4a' as it's not a positive integer
writeCommonTags: couldn't write 'track' tag to 'Burn_It_feat_MAX_XuyQB5rr4oQ.m4a' as it's not a positive integer
writeCommonTags: couldn't write 'track' tag to 'AMBKOR_VOLVER_A_LLOVER_ft_NIXSO_y_SOGE_LOBONEGRO_VIDEOCLIP_OFICIAL_PQFwsvOvdNo.m4a' as it's not a positive integer
writeCommonTags: couldn't write 'track' tag to 'NAKKA_with_IU_uaejCvCMu5I.m4a' as it's not a positive integer
writeCommonTags: couldn't write 'track' tag to 'Shawn_Mendes_In_My_Blood_36tggrpRoTI.m4a' as it's not a positive integer
writeCommonTags: couldn't write 'track' tag to 'COOKIES_Feat_JUNG_ILHOON_of_BTOB_O5XoFoakxjY.m4a' as it's not a positive integer
writeCommonTags: couldn't write 'track' tag to 'Wife_Wife_Zgh97eWYLs8.m4a' as it's not a positive integer
writeCommonTags: couldn't write 'track' tag to 'YOASOBI_Official_Music_Video_ZRtdQ81jPUQ.m4a' as it's not a positive integer
writeCommonTags: couldn't write 'track' tag to 'Bad_Meets_Evil_Fast_Lane_Official_Audio_iqCSLJD0AgQ.m4a' as it's not a positive integer
writeCommonTags: couldn't write 'track' tag to 'Six_Trillion_Years_and_Overnight_Story_Vocaloid_Fandub_Espa_ol_Belthy_WI7bD_bSrI8.m4a' as it's not a positive integer
writeCommonTags: couldn't write 'track' tag to 'Mis_Ojos_Lloran_Por_Ti_Big_Boy_ft_ngel_Lopez_Letra_cNK4L3R5HnQ.m4a' as it's not a positive integer
writeCommonTags: couldn't write 'track' tag to 'A_Fool_of_Tears_QIOLGvWKmb4.m4a' as it's not a positive integer
writeCommonTags: couldn't write 'track' tag to 'A_Good_Man_D9eow9Iu1Yw.m4a' as it's not a positive integer
writeCommonTags: couldn't write 'track' tag to 'Act_Like_Nothing_s_Wrong_rxZKYHKqJqc.m4a' as it's not a positive integer
writeCommonTags: couldn't write 'track' tag to 'BAE_BAE_PYEUtMFrRFY.m4a' as it's not a positive integer
writeCommonTags: couldn't write 'track' tag to 'BIGBANG_BEAUTIFUL_HANGOVER_M_V_zYuYqgcWDWY.m4a' as it's not a positive integer
writeCommonTags: couldn't write 'track' tag to 'BIGBANG_TELL_ME_GOODBYE_M_V_GE_4RtpVVaw.m4a' as it's not a positive integer
writeCommonTags: couldn't write 'track' tag to 'But_I_Love_U_4zyZuT3cQDQ.m4a' as it's not a positive integer
writeCommonTags: couldn't write 'track' tag to 'Crazy_Dog_0iRh6J75Prw.m4a' as it's not a positive integer
writeCommonTags: couldn't write 'track' tag to 'Emotion_kOFs83C2nGA.m4a' as it's not a positive integer
writeCommonTags: couldn't write 'track' tag to 'Flower_Road_VWqxvBQKwKQ.m4a' as it's not a positive integer
writeCommonTags: couldn't write 'track' tag to 'Fool_aeb_Zvcew3Q.m4a' as it's not a positive integer
writeCommonTags: couldn't write 'track' tag to 'Forever_With_U_ft_BOM_g86eWY1i2U4.m4a' as it's not a positive integer
writeCommonTags: couldn't write 'track' tag to 'Good_Bye_Baby_-DcF7wec06c.m4a' as it's not a positive integer
writeCommonTags: couldn't write 'track' tag to 'Haru_Haru_c84VnpGFbrw.m4a' as it's not a positive integer
writeCommonTags: couldn't write 'track' tag to 'Koe_Wo_Kikasete_ZE_wGbJWiO0.m4a' as it's not a positive integer
writeCommonTags: couldn't write 'track' tag to 'La_La_La_KXZ-E3WVpms.m4a' as it's not a positive integer
writeCommonTags: couldn't write 'track' tag to 'Lady_xnPWl53Ud1I.m4a' as it's not a positive integer
writeCommonTags: couldn't write 'track' tag to 'Last_Farewell_VT9lKAPWG5E.m4a' as it's not a positive integer
writeCommonTags: couldn't write 'track' tag to 'Lies_Y4RmVcKav9Q.m4a' as it's not a positive integer
writeCommonTags: couldn't write 'track' tag to 'LOSER_0l_NZphW4dU.m4a' as it's not a positive integer
writeCommonTags: couldn't write 'track' tag to 'Love_Song_m_zDH0V_kwM.m4a' as it's not a positive integer
writeCommonTags: couldn't write 'track' tag to 'Make_Love_tE5JJOauomA.m4a' as it's not a positive integer
writeCommonTags: couldn't write 'track' tag to 'My_Heaven_lR14buHEdMY.m4a' as it's not a positive integer
writeCommonTags: couldn't write 'track' tag to 'SOBER_kalD3VCzXlI.m4a' as it's not a positive integer
writeCommonTags: couldn't write 'track' tag to 'Stay_CvQBahy-dEs.m4a' as it's not a positive integer
writeCommonTags: couldn't write 'track' tag to 'Still_Life_XJL-lduf174.m4a' as it's not a positive integer
writeCommonTags: couldn't write 'track' tag to 'Stupid_Liar_kFGEGuHh7sg.m4a' as it's not a positive integer
writeCommonTags: couldn't write 'track' tag to 'Tonight_dKlaN17FOvU.m4a' as it's not a positive integer
writeCommonTags: couldn't write 'track' tag to 'V_I_P_X98-NsAvj2A.m4a' as it's not a positive integer
writeCommonTags: couldn't write 'track' tag to 'What_is_Right_aefguQceXtM.m4a' as it's not a positive integer
writeCommonTags: couldn't write 'track' tag to 'Ain_t_No_Fun_FzKuBfJpDHM.m4a' as it's not a positive integer
writeCommonTags: couldn't write 'track' tag to 'BIGBANG_BAD_BOY_M_V_1qnV55LUFVM.m4a' as it's not a positive integer
writeCommonTags: couldn't write 'track' tag to 'BIGBANG_BLUE_M_V_2GRP1rkE4O0.m4a' as it's not a positive integer
writeCommonTags: couldn't write 'track' tag to 'BIGBANG_FANTASTIC_BABY_M_V_AAbokV76tkU.m4a' as it's not a positive integer
writeCommonTags: couldn't write 'track' tag to 'Ego_450CgCGYSK0.m4a' as it's not a positive integer
writeCommonTags: couldn't write 'track' tag to 'Love_Dust_HpeitxAPJpY.m4a' as it's not a positive integer
writeCommonTags: couldn't write 'track' tag to 'Still_Alive_GKkbOirV5IA.m4a' as it's not a positive integer
writeCommonTags: couldn't write 'track' tag to 'BANG_BANG_BANG_r_6ekIR_OQo.m4a' as it's not a positive integer
writeCommonTags: couldn't write 'track' tag to 'BIGBANG_LET_S_NOT_FALL_IN_LOVE_M_V_9jTo6hTZmiQ.m4a' as it's not a positive integer
writeCommonTags: couldn't write 'track' tag to 'Fxxk_It_plH9xc9PPQM.m4a' as it's not a positive integer
writeCommonTags: couldn't write 'track' tag to 'Girl_Friend_qegCjgiIq6Y.m4a' as it's not a positive integer
writeCommonTags: couldn't write 'track' tag to 'Lies_Remix_5qRZ9i1Ln-4.m4a' as it's not a positive integer
writeCommonTags: couldn't write 'track' tag to 'Oh_Ah_Oh_kDAUi47cS7c.m4a' as it's not a positive integer
writeCommonTags: couldn't write 'track' tag to 'Strong_Baby_SeungRi_Solo_2Y-INXqe8ZY.m4a' as it's not a positive integer
writeCommonTags: couldn't write 'track' tag to 'Sunset_Glow_UJn-F2kPCaQ.m4a' as it's not a positive integer
writeCommonTags: couldn't write 'track' tag to 'We_Belong_Together_ft_BOM_U7zNIAyIBeM.m4a' as it's not a positive integer
writeCommonTags: couldn't write 'track' tag to 'Oh_My_Friend_ft_No_Brain_HT1By1zHZjM.m4a' as it's not a positive integer
writeCommonTags: couldn't write 'track' tag to 'The_Black_Eyed_Peas_ft_CL_DOPENESS_Official_Video_M-p4B6PIRrI.m4a' as it's not a positive integer
writeCommonTags: couldn't write 'track' tag to 'As_If_It_s_Your_Last_9MbXeqCbS4Q.m4a' as it's not a positive integer
writeCommonTags: couldn't write 'track' tag to 'Boombayah_18nDrsoii5M.m4a' as it's not a positive integer
writeCommonTags: couldn't write 'track' tag to 'DDU_DU_DDU_DU_qxtmAd2YTXs.m4a' as it's not a positive integer
writeCommonTags: couldn't write 'track' tag to 'DDU_DU_DDU_DU_Remix_0l3YHc-Fc0c.m4a' as it's not a positive integer
writeCommonTags: couldn't write 'track' tag to 'Don_t_Know_What_To_Do_QVM00XI_dU8.m4a' as it's not a positive integer
writeCommonTags: couldn't write 'track' tag to 'Forever_Young_tT5AkN4r3NM.m4a' as it's not a positive integer
writeCommonTags: couldn't write 'track' tag to 'How_You_Like_That_8mA6jIeojnk.m4a' as it's not a positive integer
writeCommonTags: couldn't write 'track' tag to 'Kill_This_Love_z7e54L8usac.m4a' as it's not a positive integer
writeCommonTags: couldn't write 'track' tag to 'Playing_With_Fire_ei0k_1Uro-U.m4a' as it's not a positive integer
writeCommonTags: couldn't write 'track' tag to 'Whistle_x0-q6-PBpPU.m4a' as it's not a positive integer
writeCommonTags: couldn't write 'track' tag to 'Shut_Down_950BdJKBhGo.m4a' as it's not a positive integer
writeCommonTags: couldn't write 'track' tag to 'Stay_IoiaAA4vNaI.m4a' as it's not a positive integer
writeCommonTags: couldn't write 'track' tag to 'Love_To_Hate_Me_wlzGXcTzdzU.m4a' as it's not a positive integer
writeCommonTags: couldn't write 'track' tag to 'Lovesick_Girls_D8RZbI1jfQ0.m4a' as it's not a positive integer
writeCommonTags: couldn't write 'track' tag to 'Pretty_Savage_F8c8f2nK82w.m4a' as it's not a positive integer
writeCommonTags: couldn't write 'track' tag to 'Blaxem_De_ellos_aprend_Cover_David_Rees_2ooclgnnG-0.m4a' as it's not a positive integer
writeCommonTags: couldn't write 'track' tag to 'Zero_For_Conduct_m9y-1ruGB4Q.m4a' as it's not a positive integer
writeCommonTags: couldn't write 'track' tag to 'Zero_For_Conduct_m9y-1ruGB4Q.m4a' as it's not a positive integer
writeCommonTags: couldn't write 'track' tag to 'Zero_For_Conduct_m9y-1ruGB4Q.m4a' as it's not a positive integer
writeCommonTags: couldn't write 'track' tag to '3_Part_5_BOBBY_Qbn2y_YmAMs.m4a' as it's not a positive integer
writeCommonTags: couldn't write 'track' tag to 'U_MAD_6N2Ss6cvQJU.m4a' as it's not a positive integer
writeCommonTags: couldn't write 'track' tag to 'Alien_FyaiCdFlEYE.m4a' as it's not a positive integer
writeCommonTags: couldn't write 'track' tag to 'BOBBY_LOVE_AND_FALL_TENDAE_1P3bBpLDpWs.m4a' as it's not a positive integer
writeCommonTags: couldn't write 'track' tag to 'BOBBY_RUNAWAY_M_V__MKJY4vAc5o.m4a' as it's not a positive integer
writeCommonTags: couldn't write 'track' tag to 'I_Love_You_7yw5UIgpsqs.m4a' as it's not a positive integer
writeCommonTags: couldn't write 'track' tag to 'Up_ft_MINO_DRexjyjkcR8.m4a' as it's not a positive integer
writeCommonTags: couldn't write 'track' tag to 'A_New_Voice_xi1GvhQ0Q3A.m4a' as it's not a positive integer
writeCommonTags: couldn't write 'track' tag to '200_5UrL0CM2uQA.m4a' as it's not a positive integer
writeCommonTags: couldn't write 'track' tag to 'Akdong_Musician_AKMU_EYES_NOSE_LIPS_COVER_VIDEO_DTl4Ib4qbzg.m4a' as it's not a positive integer
writeCommonTags: couldn't write 'track' tag to 'AKMU_RE_BYE_M_V_ST8O-AeY3Uo.m4a' as it's not a positive integer
writeCommonTags: couldn't write 'track' tag to 'Artificial_Grass_5pK1cnHCPdk.m4a' as it's not a positive integer
writeCommonTags: couldn't write 'track' tag to 'Crescendo_URIerMLQeoA.m4a' as it's not a positive integer
writeCommonTags: couldn't write 'track' tag to 'Don_t_Hate_Me_JMpW1WR8wbI.m4a' as it's not a positive integer
writeCommonTags: couldn't write 'track' tag to 'Foreigners_confession_lip7tyMQmQ.m4a' as it's not a positive integer
writeCommonTags: couldn't write 'track' tag to 'Give_Love__bWN1LYQHvI.m4a' as it's not a positive integer
writeCommonTags: couldn't write 'track' tag to 'Green_Window_77m5iWUJ1b0.m4a' as it's not a positive integer
writeCommonTags: couldn't write 'track' tag to 'Haughty_Girl_qvpaovhqvbg.m4a' as it's not a positive integer
writeCommonTags: couldn't write 'track' tag to 'How_People_Move_74W1ZxieIsA.m4a' as it's not a positive integer
writeCommonTags: couldn't write 'track' tag to 'I_Love_You_m9_l2cB2C6U.m4a' as it's not a positive integer
writeCommonTags: couldn't write 'track' tag to 'NAKKA_with_IU_uaejCvCMu5I.m4a' as it's not a positive integer
writeCommonTags: couldn't write 'track' tag to 'Play_Ugly_HLDVfemVvO8.m4a' as it's not a positive integer
writeCommonTags: couldn't write 'track' tag to 'Reality_gXfvokQqcLM.m4a' as it's not a positive integer
writeCommonTags: couldn't write 'track' tag to 'Nisemono_Ningen_40_gou_QnPLaSsx7qA.m4a' as it's not a positive integer
writeCommonTags: couldn't write 'track' tag to 'Nisemono_Ningen_40_gou_QnPLaSsx7qA.m4a' as it's not a positive integer
writeCommonTags: couldn't write 'track' tag to 'Good_Luck_i86RMBFxtao.m4a' as it's not a positive integer
writeCommonTags: couldn't write 'track' tag to 'Yet_To_Come_Kh0OF8ZE8co.m4a' as it's not a positive integer
writeCommonTags: couldn't write 'track' tag to 'Dream_Glow_BTS_World_Original_Soundtrack_Pt_1_O29_jhHnAec.m4a' as it's not a positive integer
writeCommonTags: couldn't write 'track' tag to 'All_Night_BTS_World_Original_Soundtrack_Pt_3_hlLEsqHxSg8.m4a' as it's not a positive integer
writeCommonTags: couldn't write 'track' tag to 'A_Brand_New_Day_BTS_World_Original_Soundtrack_Pt_2_vfCYLmyzSb8.m4a' as it's not a positive integer
writeCommonTags: couldn't write 'track' tag to 'Full_Song_Official_Lyrics_Devil_Trigger_Nero_s_battle_theme_from_Devil_May_Cry_5_-WpnPSChVRQ.m4a' as it's not a positive integer
writeCommonTags: couldn't write 'track' tag to 'Full_Song_Official_Lyrics_Bury_the_Light_Vergil_s_battle_theme_from_Devil_May_Cry_5_SE_xsu0rI83Kq8.m4a' as it's not a positive integer
writeCommonTags: couldn't write 'track' tag to 'Castlevania_SOTN_-_Dance_of_Pales_Oquad3rnZSI.m4a' as it's not a positive integer
writeCommonTags: couldn't write 'track' tag to 'Shapeshifter_feat_Styles_Of_Beyond_nzaynIuDw6c.m4a' as it's not a positive integer
writeCommonTags: couldn't write 'track' tag to 'Chancellor_Angel_Feat_TAEYEON_MV_GdPjmBM90rs.m4a' as it's not a positive integer
writeCommonTags: couldn't write 'track' tag to 'Stay_With_Me_XRqMn6c0tsU.m4a' as it's not a positive integer
writeCommonTags: couldn't write 'track' tag to 'Yours_feat_LeeHi_CHANGMO_xpJN9oxxsrU.m4a' as it's not a positive integer
writeCommonTags: couldn't write 'track' tag to 'Stay_With_Me_XRqMn6c0tsU.m4a' as it's not a positive integer
writeCommonTags: couldn't write 'track' tag to 'STATION_X_0_CHANYEOL_X_SEHUN_We_Young_MV_3EgY4Arwv9E.m4a' as it's not a positive integer
writeCommonTags: couldn't write 'track' tag to 'CHANYEOL_PUNCH_Stay_With_Me_cover_espa_ol_BENJAM_N_Ft_princessmel_Goblin_OST_Part_1_J2Fbt1cY4ow.m4a' as it's not a positive integer
writeCommonTags: couldn't write 'track' tag to 'CHANYEOL_PUNCH_Stay_With_Me_cover_espa_ol_BENJAM_N_Ft_princessmel_Goblin_OST_Part_1_J2Fbt1cY4ow.m4a' as it's not a positive integer
writeCommonTags: couldn't write 'track' tag to 'CNBLUE_Angel_Lyrics_Sub_Espa_ol_RRobyQrx2lM.m4a' as it's not a positive integer
writeCommonTags: couldn't write 'track' tag to 'Loner_BRIGlW12qpk.m4a' as it's not a positive integer
writeCommonTags: couldn't write 'track' tag to 'Love_Girl_Love_Girl_pxMy6SmwT_g.m4a' as it's not a positive integer
writeCommonTags: couldn't write 'track' tag to 'Love_Love_vvXEzDM3N5A.m4a' as it's not a positive integer
writeCommonTags: couldn't write 'track' tag to 'Love_Love_vvXEzDM3N5A.m4a' as it's not a positive integer
writeCommonTags: couldn't write 'track' tag to 'CNBLUE_Angel_Lyrics_Sub_Espa_ol_RRobyQrx2lM.m4a' as it's not a positive integer
writeCommonTags: couldn't write 'track' tag to 'Loner_BRIGlW12qpk.m4a' as it's not a positive integer
writeCommonTags: couldn't write 'track' tag to 'Love_Girl_Love_Girl_pxMy6SmwT_g.m4a' as it's not a positive integer
writeCommonTags: couldn't write 'track' tag to 'Cereal_Feat_ZICO_-BUGnCRbQPs.m4a' as it's not a positive integer
writeCommonTags: couldn't write 'track' tag to 'Wings_Daesung_Solo_QmInE-FWSeY.m4a' as it's not a positive integer
writeCommonTags: couldn't write 'track' tag to 'Daisuki_With_TeddyLoid_ZVfdFCyz_Bg.m4a' as it's not a positive integer
writeCommonTags: couldn't write 'track' tag to 'I_m_Not_Sorry_YhyafRwejwE.m4a' as it's not a positive integer
writeCommonTags: couldn't write 'track' tag to 'Pour_Up_RQ_cixrcXZ0.m4a' as it's not a positive integer
writeCommonTags: couldn't write 'track' tag to 'Barrier_Break_9ILhcFEx_tk.m4a' as it's not a positive integer
writeCommonTags: couldn't write 'track' tag to 'DJ_Snake_Let_Me_Love_You_ft_Justin_Bieber_Official_Video_euCqAq6BRa4.m4a' as it's not a positive integer
writeCommonTags: couldn't write 'track' tag to 'Don_t_feat_RM_feat_RM_Q7B7WROtYjg.m4a' as it's not a positive integer
writeCommonTags: couldn't write 'track' tag to 'Eddy_Kim_Feat_MV_FjWMQyZXm20.m4a' as it's not a positive integer
writeCommonTags: couldn't write 'track' tag to 'Spoiler_sWaTikn0tH0.m4a' as it's not a positive integer
writeCommonTags: couldn't write 'track' tag to 'Based_On_A_True_Story_Feat_HEIZE_Feat_FczipUfeNXE.m4a' as it's not a positive integer
writeCommonTags: couldn't write 'track' tag to 'Happen_Ending_ft_Joe_Won_Sun_of_Rollercoaster_Hm5yvTFA53c.m4a' as it's not a positive integer
writeCommonTags: couldn't write 'track' tag to 'Up_ft_BOM_ipJwKkxy3rs.m4a' as it's not a positive integer
writeCommonTags: couldn't write 'track' tag to 'BLOSSOM_Prod_Groovyroom_0VcS2nv1e48.m4a' as it's not a positive integer
writeCommonTags: couldn't write 'track' tag to 'Champion_Remix_X7rzi4T9YSY.m4a' as it's not a positive integer
writeCommonTags: couldn't write 'track' tag to 'FT_Island_Severely_spanish_cover_e3YgcHNRAZY.m4a' as it's not a positive integer
writeCommonTags: couldn't write 'track' tag to 'Severely_cyOHoJlVIXQ.m4a' as it's not a positive integer
writeCommonTags: couldn't write 'track' tag to 'FT_Island_Severely_spanish_cover_e3YgcHNRAZY.m4a' as it's not a positive integer
writeCommonTags: couldn't write 'track' tag to 'Severely_cyOHoJlVIXQ.m4a' as it's not a positive integer
writeCommonTags: couldn't write 'track' tag to 'FT_Island_Severely_spanish_cover_e3YgcHNRAZY.m4a' as it's not a positive integer
writeCommonTags: couldn't write 'track' tag to 'Severely_cyOHoJlVIXQ.m4a' as it's not a positive integer
writeCommonTags: couldn't write 'track' tag to 'FT_Island_Severely_spanish_cover_e3YgcHNRAZY.m4a' as it's not a positive integer
writeCommonTags: couldn't write 'track' tag to 'Severely_cyOHoJlVIXQ.m4a' as it's not a positive integer
writeCommonTags: couldn't write 'track' tag to 'FT_Island_Severely_spanish_cover_e3YgcHNRAZY.m4a' as it's not a positive integer
writeCommonTags: couldn't write 'track' tag to 'Severely_cyOHoJlVIXQ.m4a' as it's not a positive integer
writeCommonTags: couldn't write 'track' tag to 'FT_Island_Severely_spanish_cover_e3YgcHNRAZY.m4a' as it's not a positive integer
writeCommonTags: couldn't write 'track' tag to 'Severely_cyOHoJlVIXQ.m4a' as it's not a positive integer
writeCommonTags: couldn't write 'track' tag to 'Severely_cyOHoJlVIXQ.m4a' as it's not a positive integer
writeCommonTags: couldn't write 'track' tag to 'Severely_cyOHoJlVIXQ.m4a' as it's not a positive integer
writeCommonTags: couldn't write 'track' tag to 'Without_You_ft_Of_YG_New_Girl_Group_hmJCg_fet4w.m4a' as it's not a positive integer
writeCommonTags: couldn't write 'track' tag to 'Black_Feat_Sky_Ferreira_UiXaxhreKPo.m4a' as it's not a positive integer
writeCommonTags: couldn't write 'track' tag to 'Today_ft_Kim_Jong_Wan_of_Nell_94Fo2CEiTms.m4a' as it's not a positive integer
writeCommonTags: couldn't write 'track' tag to 'Missing_You_ft_of_XNSmuTpzr8U.m4a' as it's not a positive integer
writeCommonTags: couldn't write 'track' tag to 'R_O_D_Feat_LYDIA_PAEK_stxr_FRszCI.m4a' as it's not a positive integer
writeCommonTags: couldn't write 'track' tag to 'This_Love_G_Dragon_Solo_FTwkcAR9FXo.m4a' as it's not a positive integer
writeCommonTags: couldn't write 'track' tag to 'Black_Feat_Sky_Ferreira_UiXaxhreKPo.m4a' as it's not a positive integer
writeCommonTags: couldn't write 'track' tag to 'Crooked_ywoyAdPEyTg.m4a' as it's not a positive integer
writeCommonTags: couldn't write 'track' tag to 'G_DRAGON_1107_M_Countdown_WINDOW_c4b79XHRkpM.m4a' as it's not a positive integer
writeCommonTags: couldn't write 'track' tag to 'GO_GO_Y8pLTT7jfYw.m4a' as it's not a positive integer
writeCommonTags: couldn't write 'track' tag to 'R_O_D_Feat_LYDIA_PAEK_stxr_FRszCI.m4a' as it's not a positive integer
writeCommonTags: couldn't write 'track' tag to 'Who_You_VV2PwivrfOU.m4a' as it's not a positive integer
writeCommonTags: couldn't write 'track' tag to '1_Year_Station_2zgyAkiOlik.m4a' as it's not a positive integer
writeCommonTags: couldn't write 'track' tag to 'A_Boy_B436xmMukfM.m4a' as it's not a positive integer
writeCommonTags: couldn't write 'track' tag to 'Breathe_8-PF3UKbclQ.m4a' as it's not a positive integer
writeCommonTags: couldn't write 'track' tag to 'Butterfly_ft_Jin_Jung_HPK4hnr7oxw.m4a' as it's not a positive integer
writeCommonTags: couldn't write 'track' tag to 'G_Dragon_Breathe_Hitchhiker_Remix_Shine_A_Light_xSXArBBw7wA.m4a' as it's not a positive integer
writeCommonTags: couldn't write 'track' tag to 'Gossip_Man_ft_Kim_Gun_Mo_M3rWGzTl8UU.m4a' as it's not a positive integer
writeCommonTags: couldn't write 'track' tag to 'Heartbreaker_fWjpngQ_jvw.m4a' as it's not a positive integer
writeCommonTags: couldn't write 'track' tag to 'Hello_ft_DARA_xeumQGwNFes.m4a' as it's not a positive integer
writeCommonTags: couldn't write 'track' tag to 'She_s_Gone_ft_KUSH_7OoYmgGhjk0.m4a' as it's not a positive integer
writeCommonTags: couldn't write 'track' tag to 'The_Leaders_ft_Teddy_CL_oSzP9tUXXec.m4a' as it's not a positive integer
writeCommonTags: couldn't write 'track' tag to 'BULLSHIT_2jqHK5buQMs.m4a' as it's not a positive integer
writeCommonTags: couldn't write 'track' tag to 'Divina_Commedia_Outro_x7jyiyEBZI0.m4a' as it's not a positive integer
writeCommonTags: couldn't write 'track' tag to 'SUPER_STAR_bO5vE4lTOYs.m4a' as it's not a positive integer
writeCommonTags: couldn't write 'track' tag to 'Untitled_2014_Nged3LwJsvQ.m4a' as it's not a positive integer
writeCommonTags: couldn't write 'track' tag to 'Crayon_FsaNbCp-Yq8.m4a' as it's not a positive integer
writeCommonTags: couldn't write 'track' tag to 'Missing_You_ft_of_XNSmuTpzr8U.m4a' as it's not a positive integer
writeCommonTags: couldn't write 'track' tag to 'One_of_a_Kind_6iOh6Mn9Fl4.m4a' as it's not a positive integer
writeCommonTags: couldn't write 'track' tag to 'Today_ft_Kim_Jong_Wan_of_Nell_94Fo2CEiTms.m4a' as it's not a positive integer
writeCommonTags: couldn't write 'track' tag to 'Without_You_ft_Of_YG_New_Girl_Group_hmJCg_fet4w.m4a' as it's not a positive integer
writeCommonTags: couldn't write 'track' tag to 'XX_That_XX_4wV0NEegBRA.m4a' as it's not a positive integer
writeCommonTags: couldn't write 'track' tag to 'G_Dragon_feat_Missy_Eliot_Niliria_Gianni_Marino_Remix_DgD7Y1sHamk.m4a' as it's not a positive integer
writeCommonTags: couldn't write 'track' tag to 'G_Dragon_feat_Missy_Eliot_Niliria_Gianni_Marino_Remix_DgD7Y1sHamk.m4a' as it's not a positive integer
writeCommonTags: couldn't write 'track' tag to 'Korean_Dream_ft_TaeYang_Sx_aGTatAhs.m4a' as it's not a positive integer
writeCommonTags: couldn't write 'track' tag to 'Oh_Yeah_ft_BOM_z4RACwbXAM0.m4a' as it's not a positive integer
writeCommonTags: couldn't write 'track' tag to 'Daisuki_With_TeddyLoid_ZVfdFCyz_Bg.m4a' as it's not a positive integer
writeCommonTags: couldn't write 'track' tag to 'Chancellor_Angel_Feat_TAEYEON_MV_GdPjmBM90rs.m4a' as it's not a positive integer
writeCommonTags: couldn't write 'track' tag to 'Shapeshifter_feat_Styles_Of_Beyond_nzaynIuDw6c.m4a' as it's not a positive integer
writeCommonTags: couldn't write 'track' tag to 'NAKKA_with_IU_uaejCvCMu5I.m4a' as it's not a positive integer
writeCommonTags: couldn't write 'track' tag to 'AMBKOR_VOLVER_A_LLOVER_ft_NIXSO_y_SOGE_LOBONEGRO_VIDEOCLIP_OFICIAL_PQFwsvOvdNo.m4a' as it's not a positive integer
writeCommonTags: couldn't write 'track' tag to 'Guerrilla_W2YkC5hr6hE.m4a' as it's not a positive integer
writeCommonTags: couldn't write 'track' tag to 'G_DRAGON_Can_t_Help_Falling_in_Love_TCB_gdzRaP21FI4.m4a' as it's not a positive integer
writeCommonTags: couldn't write 'track' tag to 'Girls_Generation_Oh_MV_TGbwL8kSpEk.m4a' as it's not a positive integer
writeCommonTags: couldn't write 'track' tag to 'GUMMY_I_M_SORRY_ft_T_O_P_M_V_ERlf_9BW4iA.m4a' as it's not a positive integer
writeCommonTags: couldn't write 'track' tag to 'Gunz_The_Duel_OST_Assassin_s_Duel_Theme_3_rnP4gfi9KZ0.m4a' as it's not a positive integer
writeCommonTags: couldn't write 'track' tag to 'GunZ_The_Duel_OST_HardCore_Duel_Theme_8_8Pr5TY5wApE.m4a' as it's not a positive integer
writeCommonTags: couldn't write 'track' tag to 'GunZ_The_Duel_OST_Lets_Rock_Duel_Theme_4_Itxx_VVzpuk.m4a' as it's not a positive integer
writeCommonTags: couldn't write 'track' tag to 'GunZ_The_Duel_OST_Once_Again_Duel_Theme_2_aZjB_msGeDQ.m4a' as it's not a positive integer
writeCommonTags: couldn't write 'track' tag to 'GunZ_The_Duel_OST_Ryswick_Style_Duel_Theme_5_8MmBvaGD-IU.m4a' as it's not a positive integer
writeCommonTags: couldn't write 'track' tag to 'GunZ_The_Duel_OST_The_Duel_Duel_Theme_1_MK_zQsRF3MY.m4a' as it's not a positive integer
writeCommonTags: couldn't write 'track' tag to 'GunZ_The_Duel_OST_TRANCE_Mission_Tmix_Duel_Theme_7_i-bPo6ctdaM.m4a' as it's not a positive integer
writeCommonTags: couldn't write 'track' tag to 'GunZ_The_Duel_OST_Vague_Words_Duel_Theme_6_WXcbzXb8ObM.m4a' as it's not a positive integer
writeCommonTags: couldn't write 'track' tag to 'GunZ_The_Duel_OST_Walk_Away_Duel_Theme_10_HNC5WrgR0xA.m4a' as it's not a positive integer
writeCommonTags: couldn't write 'track' tag to 'GunZ_The_Duel_OST_X_Fighter_Duel_Theme_9_Q79twuvEO44.m4a' as it's not a positive integer
writeCommonTags: couldn't write 'track' tag to 'Gunz_The_Duel_OST_Assassin_s_Duel_Theme_3_rnP4gfi9KZ0.m4a' as it's not a positive integer
writeCommonTags: couldn't write 'track' tag to 'GunZ_The_Duel_OST_HardCore_Duel_Theme_8_8Pr5TY5wApE.m4a' as it's not a positive integer
writeCommonTags: couldn't write 'track' tag to 'GunZ_The_Duel_OST_Lets_Rock_Duel_Theme_4_Itxx_VVzpuk.m4a' as it's not a positive integer
writeCommonTags: couldn't write 'track' tag to 'GunZ_The_Duel_OST_Once_Again_Duel_Theme_2_aZjB_msGeDQ.m4a' as it's not a positive integer
writeCommonTags: couldn't write 'track' tag to 'GunZ_The_Duel_OST_Ryswick_Style_Duel_Theme_5_8MmBvaGD-IU.m4a' as it's not a positive integer
writeCommonTags: couldn't write 'track' tag to 'GunZ_The_Duel_OST_The_Duel_Duel_Theme_1_MK_zQsRF3MY.m4a' as it's not a positive integer
writeCommonTags: couldn't write 'track' tag to 'GunZ_The_Duel_OST_TRANCE_Mission_Tmix_Duel_Theme_7_i-bPo6ctdaM.m4a' as it's not a positive integer
writeCommonTags: couldn't write 'track' tag to 'GunZ_The_Duel_OST_Vague_Words_Duel_Theme_6_WXcbzXb8ObM.m4a' as it's not a positive integer
writeCommonTags: couldn't write 'track' tag to 'GunZ_The_Duel_OST_Walk_Away_Duel_Theme_10_HNC5WrgR0xA.m4a' as it's not a positive integer
writeCommonTags: couldn't write 'track' tag to 'GunZ_The_Duel_OST_X_Fighter_Duel_Theme_9_Q79twuvEO44.m4a' as it's not a positive integer
writeCommonTags: couldn't write 'track' tag to 'GunZ_The_Duel_OST_X_Fighter_Duel_Theme_9_Q79twuvEO44.m4a' as it's not a positive integer
writeCommonTags: couldn't write 'track' tag to 'Gunz_The_Duel_OST_Assassin_s_Duel_Theme_3_rnP4gfi9KZ0.m4a' as it's not a positive integer
writeCommonTags: couldn't write 'track' tag to 'GunZ_The_Duel_OST_HardCore_Duel_Theme_8_8Pr5TY5wApE.m4a' as it's not a positive integer
writeCommonTags: couldn't write 'track' tag to 'GunZ_The_Duel_OST_Lets_Rock_Duel_Theme_4_Itxx_VVzpuk.m4a' as it's not a positive integer
writeCommonTags: couldn't write 'track' tag to 'GunZ_The_Duel_OST_Once_Again_Duel_Theme_2_aZjB_msGeDQ.m4a' as it's not a positive integer
writeCommonTags: couldn't write 'track' tag to 'GunZ_The_Duel_OST_Ryswick_Style_Duel_Theme_5_8MmBvaGD-IU.m4a' as it's not a positive integer
writeCommonTags: couldn't write 'track' tag to 'GunZ_The_Duel_OST_The_Duel_Duel_Theme_1_MK_zQsRF3MY.m4a' as it's not a positive integer
writeCommonTags: couldn't write 'track' tag to 'GunZ_The_Duel_OST_TRANCE_Mission_Tmix_Duel_Theme_7_i-bPo6ctdaM.m4a' as it's not a positive integer
writeCommonTags: couldn't write 'track' tag to 'GunZ_The_Duel_OST_Vague_Words_Duel_Theme_6_WXcbzXb8ObM.m4a' as it's not a positive integer
writeCommonTags: couldn't write 'track' tag to 'GunZ_The_Duel_OST_Walk_Away_Duel_Theme_10_HNC5WrgR0xA.m4a' as it's not a positive integer
writeCommonTags: couldn't write 'track' tag to 'HAPPEN__2Q9yS3TDcw.m4a' as it's not a positive integer
writeCommonTags: couldn't write 'track' tag to 'Sunday_feat_HEIZE_Jay_Park_wJUFV3re6uA.m4a' as it's not a positive integer
writeCommonTags: couldn't write 'track' tag to 'Shut_Up_Groove_Feat_DEAN_Eu_eDE_piwQ.m4a' as it's not a positive integer
writeCommonTags: couldn't write 'track' tag to 'And_July_Feat_DEAN_DJ_Friz_j-seAiANLG8.m4a' as it's not a positive integer
writeCommonTags: couldn't write 'track' tag to 'OST_Part_14_Heize_Round_and_round_Feat_M1OJ2LdrRy4.m4a' as it's not a positive integer
writeCommonTags: couldn't write 'track' tag to 'Heize_You_Clouds_Rain_Feat_Shin_Yong_Jae_MV_afxLaQiLu-o.m4a' as it's not a positive integer
writeCommonTags: couldn't write 'track' tag to '1_4_3_I_Love_You_3kAQOREi67g.m4a' as it's not a positive integer
writeCommonTags: couldn't write 'track' tag to 'Fantastic_IDRgLEkxxYk.m4a' as it's not a positive integer
writeCommonTags: couldn't write 'track' tag to 'Girlfriend_qZCvk2VTo6k.m4a' as it's not a positive integer
writeCommonTags: couldn't write 'track' tag to 'HENRY_I_LUV_U_Official_Audio_fRLaxl6y5g4.m4a' as it's not a positive integer
writeCommonTags: couldn't write 'track' tag to 'That_One_7muRHbA4aj4.m4a' as it's not a positive integer
writeCommonTags: couldn't write 'track' tag to 'Trap_vBtlveoOiRE.m4a' as it's not a positive integer
writeCommonTags: couldn't write 'track' tag to 'FAKE_STAR_HoneyWorks_feat_Gom_o-9B_3jZkrg.m4a' as it's not a positive integer
writeCommonTags: couldn't write 'track' tag to 'I_DOLL_iKKslWMzcVU.m4a' as it's not a positive integer
writeCommonTags: couldn't write 'track' tag to 'Red_Lipstick_feat_ZICO_of_Block_B_9ArQcbM2IMY.m4a' as it's not a positive integer
writeCommonTags: couldn't write 'track' tag to 'He_Rises_Original_Mix_F_tsZJickpw.m4a' as it's not a positive integer
writeCommonTags: couldn't write 'track' tag to 'He_Rises_Original_Mix_F_tsZJickpw.m4a' as it's not a positive integer
writeCommonTags: couldn't write 'year' tag to 'He_Rises_Original_Mix_F_tsZJickpw.m4a' as it's not a positive integer
writeCommonTags: couldn't write 'track' tag to 'He_Rises_Original_Mix_F_tsZJickpw.m4a' as it's not a positive integer
writeCommonTags: couldn't write 'track' tag to 'Very_Very_Very_bsu9_RX3HBo.m4a' as it's not a positive integer
writeCommonTags: couldn't write 'track' tag to 'iKON_ON_BOBBY_Rest_Your_Bones_8rK3_3b06PQ.m4a' as it's not a positive integer
writeCommonTags: couldn't write 'track' tag to 'Walk_with_me_girl_feat_Choi_Baek_ho_tYkOXrKViDk.m4a' as it's not a positive integer
writeCommonTags: couldn't write 'track' tag to 'Everybody_has_secrets_feat_GAIN_of_Brown_Eyed_Girls_of_lD5STtoEGG4.m4a' as it's not a positive integer
writeCommonTags: couldn't write 'track' tag to 'Everything_s_Alright_feat_Kim_Hyun_Cheol_nBpeJ-Nt_S8.m4a' as it's not a positive integer
writeCommonTags: couldn't write 'track' tag to 'Can_t_Love_You_Anymore_With_OHHYUK_0ldJaGupC1o.m4a' as it's not a positive integer
writeCommonTags: couldn't write 'track' tag to 'Love_of_B_With_Park_Ju_won_p-LEkRdrmn8.m4a' as it's not a positive integer
writeCommonTags: couldn't write 'track' tag to 'Teacher_feat_Ra_D_Omiq0_Cpp6Q.m4a' as it's not a positive integer
writeCommonTags: couldn't write 'track' tag to 'Sleeping_Prince_feat_Yoon_Sang_tp4PZNbT75U.m4a' as it's not a positive integer
writeCommonTags: couldn't write 'track' tag to 'Red_Queen_Feat_Zion_T_3ZtUl06trDc.m4a' as it's not a positive integer
writeCommonTags: couldn't write 'track' tag to 'Troll_Feat_DEAN_Feat_DEAN_hiUPJaHjuUk.m4a' as it's not a positive integer
writeCommonTags: couldn't write 'track' tag to 'on_the_street_with_J._Cole_H0G1ta9qZfs.m4a' as it's not a positive integer
writeCommonTags: couldn't write 'track' tag to 'Arson_WhHAUF8RI1g.m4a' as it's not a positive integer
writeCommonTags: couldn't write 'track' tag to 'MORE_kTJRBb86BdE.m4a' as it's not a positive integer
writeCommonTags: couldn't write 'track' tag to 'Let_s_Shut_Up_Dance_W4rRs8o06-8.m4a' as it's not a positive integer
writeCommonTags: couldn't write 'track' tag to 'Jay_Park_Need_To_Know_U68L3vpHmi0.m4a' as it's not a positive integer
writeCommonTags: couldn't write 'track' tag to 'JENNIE_SOLO_M_V_b73BI9eUkjM.m4a' as it's not a positive integer
writeCommonTags: couldn't write 'track' tag to 'That_Girl_Feat_Loco_eK2FIpurb7A.m4a' as it's not a positive integer
writeCommonTags: couldn't write 'track' tag to 'THE_BADDEST_Y8kMcf4kyIk.m4a' as it's not a positive integer
writeCommonTags: couldn't write 'track' tag to 'Devil_May_Cry_3_OST_Track_15_BPGKJpzMvBA.m4a' as it's not a positive integer
writeCommonTags: couldn't write 'track' tag to 'Devil_May_Cry_3_OST_Track_31_SEJrqEF1Gow.m4a' as it's not a positive integer
writeCommonTags: couldn't write 'track' tag to 'Voyage_ubBPflQnvN4.m4a' as it's not a positive integer
writeCommonTags: couldn't write 'track' tag to 'Voyage_ubBPflQnvN4.m4a' as it's not a positive integer
writeCommonTags: couldn't write 'track' tag to 'Warning_Feat._lIlBOI_Warning_Feat._lIlBOI_snseqcqmNZo.m4a' as it's not a positive integer
writeCommonTags: couldn't write 'track' tag to 'GT_DAN_DAN_FIELD_OF_VIEW_Covered_by_CwLTQmrXLww.m4a' as it's not a positive integer
writeCommonTags: couldn't write 'track' tag to 'feat_5tnauYkMj-E.m4a' as it's not a positive integer
writeCommonTags: couldn't write 'track' tag to 'AFRODISIACO_UjD3nfKi0vU.m4a' as it's not a positive integer
writeCommonTags: couldn't write 'track' tag to 'UNFORGIVEN_feat._Nile_Rodgers_WdiSosDz4ss.m4a' as it's not a positive integer
writeCommonTags: couldn't write 'track' tag to 'KNOCK_TZAukN4oqsM.m4a' as it's not a positive integer
writeCommonTags: couldn't write 'track' tag to 'LALISA_E6gDU0m_hk.m4a' as it's not a positive integer
writeCommonTags: couldn't write 'track' tag to 'Logic_Homicide_feat_Eminem_Official_Audio_mfqsEpjEtrw.m4a' as it's not a positive integer
writeCommonTags: couldn't write 'track' tag to 'OST_Special_VOL_1_Madclown_Kim_Na_Young_Once_again_Official_Audio_6i6oyMYPWEk.m4a' as it's not a positive integer
writeCommonTags: couldn't write 'track' tag to 'Moderato_Feat_Hash_Swan_7H-ug2Mj1VM.m4a' as it's not a positive integer
writeCommonTags: couldn't write 'track' tag to 'Alarm_0jJkDwAbJZA.m4a' as it's not a positive integer
writeCommonTags: couldn't write 'track' tag to 'Body_pBDyCNtoOPg.m4a' as it's not a positive integer
writeCommonTags: couldn't write 'track' tag to 'Bow_wow_ft_YDG_dJHtajTmTWk.m4a' as it's not a positive integer
writeCommonTags: couldn't write 'track' tag to 'her_L91XNFZFQVU.m4a' as it's not a positive integer
writeCommonTags: couldn't write 'track' tag to 'Lonely_pqt2xpIvPQM.m4a' as it's not a positive integer
writeCommonTags: couldn't write 'track' tag to 'Alarm_0jJkDwAbJZA.m4a' as it's not a positive integer
writeCommonTags: couldn't write 'track' tag to 'Body_pBDyCNtoOPg.m4a' as it's not a positive integer
writeCommonTags: couldn't write 'track' tag to 'Bow_wow_ft_YDG_dJHtajTmTWk.m4a' as it's not a positive integer
writeCommonTags: couldn't write 'track' tag to 'her_L91XNFZFQVU.m4a' as it's not a positive integer
writeCommonTags: couldn't write 'track' tag to 'Lonely_pqt2xpIvPQM.m4a' as it's not a positive integer
writeCommonTags: couldn't write 'track' tag to 'Feat_Fear_Feat_TAEYANG_oQTaHjcipK8.m4a' as it's not a positive integer
writeCommonTags: couldn't write 'track' tag to 'Okey_Dokey_SZ9UjtO8WT4.m4a' as it's not a positive integer
writeCommonTags: couldn't write 'track' tag to 'Missy_Elliott_I_m_Better_feat_Lamb_Official_Music_Video_TwyPsUd9LAk.m4a' as it's not a positive integer
writeCommonTags: couldn't write 'track' tag to 'Hit_Me_ft_KUSH_nTzuqgVPP7A.m4a' as it's not a positive integer
writeCommonTags: couldn't write 'track' tag to 'That_s_da_way_u_luv_me_Mr_A_ft_Onionn_Lyrics_Video_fWUS5Cgg7P0.m4a' as it's not a positive integer
writeCommonTags: couldn't write 'track' tag to 'POP_R9TPed_ohKM.m4a' as it's not a positive integer
writeCommonTags: couldn't write 'track' tag to 'BOSS_gM8esyUQo58.m4a' as it's not a positive integer
writeCommonTags: couldn't write 'track' tag to 'The_7th_Sense_oO1iYiZRD44.m4a' as it's not a positive integer
writeCommonTags: couldn't write 'track' tag to 'Park_Bom_Spring_feat_sandara_park_dnQflYjicms.m4a' as it's not a positive integer
writeCommonTags: couldn't write 'track' tag to '06._IVE_IXFJWVBc9mQ.m4a' as it's not a positive integer
writeCommonTags: couldn't write 'track' tag to 'Fact_ft_G_Dragon_XbEBEiJP72M.m4a' as it's not a positive integer
writeCommonTags: couldn't write 'track' tag to 'Last_Scene_ft_Lee_Sungkyoung_RSkbZ5q1jhc.m4a' as it's not a positive integer
writeCommonTags: couldn't write 'track' tag to 'Love_ft_TaeYang_KOGoWUXF2cc.m4a' as it's not a positive integer
writeCommonTags: couldn't write 'track' tag to 'cover_xyobGINTrck.m4a' as it's not a positive integer
writeCommonTags: couldn't write 'track' tag to 'RAVI_BOMB_Feat_San_E_MV_ENG_Sub_0q4Lsi4yhjY.m4a' as it's not a positive integer
writeCommonTags: couldn't write 'track' tag to 'RM_Wale_Change_9rAyprZdo7o.m4a' as it's not a positive integer
writeCommonTags: couldn't write 'track' tag to 'Locked_Out_of_Heaven_MASHUP_ft_Megan_Nicole_Sam_Tsui_and_KurtHugoSchneider_a6s6bIVPbbc.m4a' as it's not a positive integer
writeCommonTags: couldn't write 'track' tag to 'Sour_Grapes_WmyGfro6c7Q.m4a' as it's not a positive integer
writeCommonTags: couldn't write 'track' tag to 'Prod_By_ZICO_Flower_Way_Prod_By_ZICO_-RBNbK9Sjgk.m4a' as it's not a positive integer
writeCommonTags: couldn't write 'track' tag to 'YOU_feat_Beenzino_i1RY7QlzT6E.m4a' as it's not a positive integer
writeCommonTags: couldn't write 'track' tag to 'Smoke_Sprite_wVIrZoer-yQ.m4a' as it's not a positive integer
writeCommonTags: couldn't write 'track' tag to 'Ch_ng_Ta_Kh_ng_Thuộc_Về_Nhau_Official_Music_Video_Sơn_T_ng_M_TP_qGRU3sRbaYw.m4a' as it's not a positive integer
writeCommonTags: couldn't write 'track' tag to 'CHẠY_NGAY_ĐI_SƠN_T_NG_M_TP_TIGER_REMIX_STAGE_VERSION_HỒ_CH_MINH_31_12_2018_mT4arhSPIDU.m4a' as it's not a positive integer
writeCommonTags: couldn't write 'track' tag to 'Cơn_Mưa_Ngang_Qua_MTP_Sơn_T_ng_K_r1OtnOs-utU.m4a' as it's not a positive integer
writeCommonTags: couldn't write 'track' tag to 'NẮNG_ẤM_XA_DẦN_ONIONN_REMIX_SƠN_T_NG_M_TP_Official_Music_ErhGuwNgrmw.m4a' as it's not a positive integer
writeCommonTags: couldn't write 'track' tag to 'Nắng_Ấm_Xa_Dần_Sơn_T_ng_M_TP_488ceQWoGGw.m4a' as it's not a positive integer
writeCommonTags: couldn't write 'track' tag to 'Sơn_T_ng_MTP_Remember_Me_SlimV_2017_Mix_6Edc6xxV93M.m4a' as it's not a positive integer
writeCommonTags: couldn't write 'track' tag to 'Sub_Espa_ol_Sơn_T_ng_M_TP_Em_Của_Ng_y_H_m_Qua_Official_MV_Sub_Espa_ol_UJGi2_FC_e4.m4a' as it's not a positive integer
writeCommonTags: couldn't write 'track' tag to 'Ch_ng_Ta_Kh_ng_Thuộc_Về_Nhau_Official_Music_Video_Sơn_T_ng_M_TP_qGRU3sRbaYw.m4a' as it's not a positive integer
writeCommonTags: couldn't write 'track' tag to 'CHẠY_NGAY_ĐI_SƠN_T_NG_M_TP_TIGER_REMIX_STAGE_VERSION_HỒ_CH_MINH_31_12_2018_mT4arhSPIDU.m4a' as it's not a positive integer
writeCommonTags: couldn't write 'track' tag to 'Cơn_Mưa_Ngang_Qua_MTP_Sơn_T_ng_K_r1OtnOs-utU.m4a' as it's not a positive integer
writeCommonTags: couldn't write 'track' tag to 'NẮNG_ẤM_XA_DẦN_ONIONN_REMIX_SƠN_T_NG_M_TP_Official_Music_ErhGuwNgrmw.m4a' as it's not a positive integer
writeCommonTags: couldn't write 'track' tag to 'Nắng_Ấm_Xa_Dần_Sơn_T_ng_M_TP_488ceQWoGGw.m4a' as it's not a positive integer
writeCommonTags: couldn't write 'track' tag to 'Sơn_T_ng_MTP_Remember_Me_SlimV_2017_Mix_6Edc6xxV93M.m4a' as it's not a positive integer
writeCommonTags: couldn't write 'track' tag to 'Lovey_Dovey_Q52lkbNsVd4.m4a' as it's not a positive integer
writeCommonTags: couldn't write 'track' tag to 'TABLO_BAD_ft_JINSIL_Official_MV_dPmX-K7eadM.m4a' as it's not a positive integer
writeCommonTags: couldn't write 'track' tag to 'TABLO_TOMORROW_ft_TAEYANG_of_BIGBANG_Official_MV_-zU4Mj9dpUI.m4a' as it's not a positive integer
writeCommonTags: couldn't write 'track' tag to 'Color_LIVE_TAEIL_X_SEJEONG_FBnxOIjExHs.m4a' as it's not a positive integer
writeCommonTags: couldn't write 'track' tag to 'Baby_I_m_Sorry__GzEofurGEw.m4a' as it's not a positive integer
writeCommonTags: couldn't write 'track' tag to 'Just_a_Feeling_ls0gbtrD8V0.m4a' as it's not a positive integer
writeCommonTags: couldn't write 'track' tag to 'Only_Look_at_Me_CNXyXceaY2M.m4a' as it's not a positive integer
writeCommonTags: couldn't write 'track' tag to 'Shoong_feat._LISA_of_BLACKPINK_KqfpiXgxS2g.m4a' as it's not a positive integer
writeCommonTags: couldn't write 'track' tag to 'Sinner_CuwSlby7bn8.m4a' as it's not a positive integer
writeCommonTags: couldn't write 'track' tag to 'TAEYANG_I_LL_BE_THERE_M_V_7yDhql20TSU.m4a' as it's not a positive integer
writeCommonTags: couldn't write 'track' tag to 'Wedding_Dress_QSqGieM5GYM.m4a' as it's not a positive integer
writeCommonTags: couldn't write 'track' tag to '1AM_6sbCVsiQrlk.m4a' as it's not a positive integer
writeCommonTags: couldn't write 'track' tag to 'Body_0Z69vLMKoaI.m4a' as it's not a positive integer
writeCommonTags: couldn't write 'track' tag to 'Eyes_Nose_Lips_QvvfN3ZSh38.m4a' as it's not a positive integer
writeCommonTags: couldn't write 'track' tag to 'Let_Go_4Y6C-C1kNCs.m4a' as it's not a positive integer
writeCommonTags: couldn't write 'track' tag to 'Love_You_to_Death_RoP_WVW7C3w.m4a' as it's not a positive integer
writeCommonTags: couldn't write 'track' tag to 'Ringa_Linga_2y74ZwVG5N0.m4a' as it's not a positive integer
writeCommonTags: couldn't write 'track' tag to 'Stay_with_me_ft_G_Dragon_pyTEyQncbK4.m4a' as it's not a positive integer
writeCommonTags: couldn't write 'track' tag to 'This_ain_t_it_z3i0dDVUOYo.m4a' as it's not a positive integer
writeCommonTags: couldn't write 'track' tag to 'VIBE_feat_Jimin_of_BTS_iX0M0Gc-D7c.m4a' as it's not a positive integer
writeCommonTags: couldn't write 'track' tag to 'Baby_I_m_Sorry__GzEofurGEw.m4a' as it's not a positive integer
writeCommonTags: couldn't write 'track' tag to 'Just_a_Feeling_ls0gbtrD8V0.m4a' as it's not a positive integer
writeCommonTags: couldn't write 'track' tag to 'Only_Look_at_Me_CNXyXceaY2M.m4a' as it's not a positive integer
writeCommonTags: couldn't write 'track' tag to 'Shoong_feat._LISA_of_BLACKPINK_KqfpiXgxS2g.m4a' as it's not a positive integer
writeCommonTags: couldn't write 'track' tag to 'Sinner_CuwSlby7bn8.m4a' as it's not a positive integer
writeCommonTags: couldn't write 'track' tag to 'TAEYANG_I_LL_BE_THERE_M_V_7yDhql20TSU.m4a' as it's not a positive integer
writeCommonTags: couldn't write 'track' tag to 'Wedding_Dress_QSqGieM5GYM.m4a' as it's not a positive integer
writeCommonTags: couldn't write 'track' tag to '1AM_6sbCVsiQrlk.m4a' as it's not a positive integer
writeCommonTags: couldn't write 'track' tag to 'Body_0Z69vLMKoaI.m4a' as it's not a positive integer
writeCommonTags: couldn't write 'track' tag to 'Eyes_Nose_Lips_QvvfN3ZSh38.m4a' as it's not a positive integer
writeCommonTags: couldn't write 'track' tag to 'Let_Go_4Y6C-C1kNCs.m4a' as it's not a positive integer
writeCommonTags: couldn't write 'track' tag to 'Love_You_to_Death_RoP_WVW7C3w.m4a' as it's not a positive integer
writeCommonTags: couldn't write 'track' tag to 'Ringa_Linga_2y74ZwVG5N0.m4a' as it's not a positive integer
writeCommonTags: couldn't write 'track' tag to 'Stay_with_me_ft_G_Dragon_pyTEyQncbK4.m4a' as it's not a positive integer
writeCommonTags: couldn't write 'track' tag to 'This_ain_t_it_z3i0dDVUOYo.m4a' as it's not a positive integer
writeCommonTags: couldn't write 'track' tag to 'TAEYANG_YOU_RE_MY_I_NEED_A_GIRL_M_V_nWq4evFjYrU.m4a' as it's not a positive integer
writeCommonTags: couldn't write 'track' tag to 'Thelma_Aoyama_Tae_yang_Fall_In_Love_Sub_Espa_ol_Karaoke_jY0QGLz5hxE.m4a' as it's not a positive integer
writeCommonTags: couldn't write 'track' tag to 'Feat_Punch_Inst_First_Love_Feat_Punch_Inst_6LthXK-UuTE.m4a' as it's not a positive integer
writeCommonTags: couldn't write 'track' tag to 'Hug_me_performed_by_V_j_hope_tv_HQ-0upns.m4a' as it's not a positive integer
writeCommonTags: couldn't write 'track' tag to 'It_s_Definitely_You_eSVDtlPnWuU.m4a' as it's not a positive integer
writeCommonTags: couldn't write 'track' tag to 'K0V4sx20W34.m4a' as it's not a positive integer
writeCommonTags: couldn't write 'track' tag to 'K0V4sx20W34.m4a' as it's not a positive integer
writeCommonTags: couldn't write 'track' tag to 'K0V4sx20W34.m4a' as it's not a positive integer
writeCommonTags: couldn't write 'track' tag to 'Yiruma_River_Flows_in_You_7maJOI3QMu0.m4a' as it's not a positive integer
writeCommonTags: couldn't write 'track' tag to 'MV_YEZI_Cider_-YJFr4pwwl0.m4a' as it's not a positive integer
writeCommonTags: couldn't write 'track' tag to 'MV_YU_SEUNGWOO_Only_U_Feat_Heize_WR6_QsbliUw.m4a' as it's not a positive integer
writeCommonTags: couldn't write 'track' tag to 'Any_song_GOtF5_Ow0_Y.m4a' as it's not a positive integer
writeCommonTags: couldn't write 'track' tag to 'Artist_PS7y36Kz84Y.m4a' as it's not a positive integer
writeCommonTags: couldn't write 'track' tag to 'BERMUDA_TRIANGLE_Feat_Crush_DEAN_KN8aPkyH0jE.m4a' as it's not a positive integer
writeCommonTags: couldn't write 'track' tag to 'I_Am_You_You_Are_Me_Aq1AxCTw6GI.m4a' as it's not a positive integer
writeCommonTags: couldn't write 'track' tag to 'New_thing_Prod._by_ZICO_Feat._Homies_C_cpDd0WYTk.m4a' as it's not a positive integer
writeCommonTags: couldn't write 'track' tag to 'Nocturnal_animals_Feat._Zior_Park_WPjsnH2mVD8.m4a' as it's not a positive integer
writeCommonTags: couldn't write 'track' tag to 'She_s_a_Baby_YMcd43q9nEI.m4a' as it's not a positive integer
writeCommonTags: couldn't write 'track' tag to 'VENI_VIDI_VICI_V_k3FD-bN9Y.m4a' as it's not a positive integer
writeCommonTags: couldn't write 'track' tag to 'Freak_gC-Py5xFEnI.m4a' as it's not a positive integer
writeCommonTags: couldn't write 'track' tag to 'Boys_and_Girls_Feat_Babylon_YG5UVyN0v_k.m4a' as it's not a positive integer
writeCommonTags: couldn't write 'track' tag to 'MV_ZICO_Daredevil_Feat_Jvcki_Wai_YUMDDA_yp26FJduCFc.m4a' as it's not a positive integer
writeCommonTags: couldn't write 'track' tag to 'Feat_Zion_T_Eureka_Feat_Zion_T_Yqf8qWlthyc.m4a' as it's not a positive integer
writeCommonTags: couldn't write 'track' tag to 'SoulMate_VxWeZX4c4Jc.m4a' as it's not a positive integer
writeCommonTags: couldn't write 'track' tag to 'Summer_Hate_Feat_Rain_Summer_Hate_Feat_YJ2VRsRsJsQ.m4a' as it's not a positive integer
writeCommonTags: couldn't write 'track' tag to 'Youre_Cold_HelV2B4b8o0.m4a' as it's not a positive integer
writeCommonTags: couldn't write 'track' tag to 'Galileo_Galilei_Covered_by_AvfPxyHNW3A.m4a' as it's not a positive integer
writeCommonTags: couldn't write 'track' tag to 'Covered_by_cDKqFGP8aeI.m4a' as it's not a positive integer
writeCommonTags: couldn't write 'track' tag to 'Covered_by_CmUFgOtidPw.m4a' as it's not a positive integer
writeCommonTags: couldn't write 'track' tag to 'FUNKY_MONKEY_BABYS_Covered_by_bGBy80LdkPI.m4a' as it's not a positive integer
writeCommonTags: couldn't write 'track' tag to 'I_WiSH_Covered_by_z94ur-O6JJk.m4a' as it's not a positive integer
writeCommonTags: couldn't write 'track' tag to 'RADWIMPS_Arrange_Covered_by_xPRCnn1HIMo.m4a' as it's not a positive integer
writeCommonTags: couldn't write 'track' tag to 'RADWIMPS_Covered_by_7u96uHP-DkA.m4a' as it's not a positive integer
writeCommonTags: couldn't write 'track' tag to 'sumika_Full_Covered_by_HCqT3VYV_Ec.m4a' as it's not a positive integer
writeCommonTags: couldn't write 'track' tag to 'YOASOBI_Covered_by_L5JF132P30s.m4a' as it's not a positive integer
writeCommonTags: couldn't write 'track' tag to 'Aimer_Full_covered_by_kopi_-X8-VA6GiN0.m4a' as it's not a positive integer
writeCommonTags: couldn't write 'track' tag to 'Covered_by_cmU8pOH--F4.m4a' as it's not a positive integer
writeCommonTags: couldn't write 'track' tag to 'Covered_by_F-R_RWyr6Ms.m4a' as it's not a positive integer
writeCommonTags: couldn't write 'track' tag to 'Covered_by_iIJTmcZZZvs.m4a' as it's not a positive integer
writeCommonTags: couldn't write 'track' tag to 'Covered_by_jP9E6SqAMB0.m4a' as it's not a positive integer
writeCommonTags: couldn't write 'track' tag to 'MV_feat_kmPgjr0EL64.m4a' as it's not a positive integer
writeCommonTags: couldn't write 'track' tag to 'MV_Iyan_naruna_Kopi_3-EKS36shHg.m4a' as it's not a positive integer
writeCommonTags: couldn't write 'track' tag to 'RADWIMPS_Covered_by_JENmjPNAab4.m4a' as it's not a positive integer
writeCommonTags: couldn't write 'track' tag to 'RADWIMPS_Full_covered_by_5fb7cXhAipo.m4a' as it's not a positive integer
writeCommonTags: couldn't write 'track' tag to 'MV_feat_SiN_gf4yer5UG7E.m4a' as it's not a positive integer
writeCommonTags: couldn't write 'track' tag to 'UNISON_SQUARE_GARDEN_Covered_by_rqArlrVn-WU.m4a' as it's not a positive integer
writeCommonTags: couldn't write 'track' tag to 'Aqua_Timez_Covered_by_ILJHSQPx2_o.m4a' as it's not a positive integer
writeCommonTags: couldn't write 'track' tag to 'Covered_by_fkhNBiBXdVs.m4a' as it's not a positive integer
writeCommonTags: couldn't write 'track' tag to 'Self_proclaimed_music_lover_Covered_by_ARAKI_Xx8tLwLAe0c.m4a' as it's not a positive integer
writeCommonTags: couldn't write 'track' tag to 'Rap_Monster_Do_You_MV_0XAxf8aFtL4.m4a' as it's not a positive integer
writeCommonTags: couldn't write 'track' tag to 'That_That_prod_feat_SUGA_of_BTS_kjLUM7eNukg.m4a' as it's not a positive integer
writeCommonTags: couldn't write 'track' tag to 'That_That_prod_feat_SUGA_of_BTS_kjLUM7eNukg.m4a' as it's not a positive integer
writeCommonTags: couldn't write 'track' tag to 'OST_Part_2_10cm_My_eyes_MV_xNyCG-bLLeU.m4a' as it's not a positive integer
writeCommonTags: couldn't write 'track' tag to 'UNISON_SQUARE_GARDEN_Covered_by_rqArlrVn-WU.m4a' as it's not a positive integer
writeCommonTags: couldn't write 'track' tag to 'Epiphany_w5_X-QFwmoo.m4a' as it's not a positive integer
writeCommonTags: couldn't write 'track' tag to 'Euphoria_0D28qd--kRE.m4a' as it's not a positive integer
writeCommonTags: couldn't write 'track' tag to 'Interlude_Shadow_YgBlISXhoP8.m4a' as it's not a positive integer
writeCommonTags: couldn't write 'track' tag to 'Interlude_Shadow_YgBlISXhoP8.m4a' as it's not a positive integer
writeCommonTags: couldn't write 'track' tag to '__cgCse3S63qk.m4a' as it's not a positive integer
writeCommonTags: couldn't write 'track' tag to 'Agust_D_Em3bywqX87Q.m4a' as it's not a positive integer
writeCommonTags: couldn't write 'track' tag to 'Burn_It_feat_MAX_XuyQB5rr4oQ.m4a' as it's not a positive integer
writeCommonTags: couldn't write 'track' tag to 'People__sHbl6mt6X80.m4a' as it's not a positive integer
writeCommonTags: couldn't write 'track' tag to 'Pt.2_feat._Q1n95b3C87I.m4a' as it's not a positive integer
writeCommonTags: couldn't write 'track' tag to 'Interlude_Shadow_YgBlISXhoP8.m4a' as it's not a positive integer
writeCommonTags: couldn't write 'track' tag to 'Intro_Singularity_qHfqRUzz02k.m4a' as it's not a positive integer
writeCommonTags: couldn't write 'track' tag to 'Trivia_Seesaw_NC_Lo8nRqfA.m4a' as it's not a positive integer
writeCommonTags: couldn't write 'track' tag to 'Trivia_Love_GiKZ_4EkYsA.m4a' as it's not a positive integer
writeCommonTags: couldn't write 'track' tag to 'Trivia_Love_GiKZ_4EkYsA.m4a' as it's not a positive integer
writeCommonTags: couldn't write 'track' tag to 'Trivia_Just_Dance__xjZtbeKd4E.m4a' as it's not a positive integer
writeCommonTags: couldn't write 'track' tag to 'Trivia_Just_Dance__xjZtbeKd4E.m4a' as it's not a positive integer
writeCommonTags: couldn't write 'track' tag to 'Trivia_Just_Dance__xjZtbeKd4E.m4a' as it's not a positive integer
writeCommonTags: couldn't write 'track' tag to 'Lil_Touch_oaEeLaWBENE.m4a' as it's not a positive integer
writeCommonTags: couldn't write 'track' tag to 'BOBBY_HOLUP_M_V_-Tap_zZdkYA.m4a' as it's not a positive integer
writeCommonTags: couldn't write 'track' tag to 'Cocktail_qjWsBM9Udcw.m4a' as it's not a positive integer
writeCommonTags: couldn't write 'track' tag to 'Moon_r9brnlqiLHA.m4a' as it's not a positive integer
writeCommonTags: couldn't write 'track' tag to '2_KIDS_A-xVqr9yaEk.m4a' as it's not a positive integer
writeCommonTags: couldn't write 'track' tag to 'Guilty_xrOQ2GhJ2xc.m4a' as it's not a positive integer
writeCommonTags: couldn't write 'track' tag to 'TAEMIN_WANT_MV_-OfOkiVFmhM.m4a' as it's not a positive integer
writeCommonTags: couldn't write 'track' tag to 'Advice_yVH_-yuKoPk.m4a' as it's not a positive integer
writeCommonTags: couldn't write 'track' tag to 'Press_Your_Number_uQiwJAUmoW8.m4a' as it's not a positive integer
writeCommonTags: couldn't write 'track' tag to 'Danger_hlR4KyZA9UA.m4a' as it's not a positive integer
writeCommonTags: couldn't write 'track' tag to 'SUPER_JUNIOR_Girls_Generation_Seoul_MV_afrwtA_Bfc8.m4a' as it's not a positive integer
writeCommonTags: couldn't write 'track' tag to 'Perfect_Man_AOs80sevyHw.m4a' as it's not a positive integer
writeCommonTags: couldn't write 'track' tag to 'SHINHWA_Kiss_Me_Like_That_OFFICIAL_MV_LxVlNoJ94Oc.m4a' as it's not a positive integer
writeCommonTags: couldn't write 'track' tag to 'ANTIFRAGILE_SZiwpL62to8.m4a' as it's not a positive integer
writeCommonTags: couldn't write 'track' tag to 'Perfect_Night_Gqfq_8jPw8Q.m4a' as it's not a positive integer
writeCommonTags: couldn't write 'track' tag to 'FEARLESS_Wk3Vxt3knnI.m4a' as it's not a positive integer
writeCommonTags: couldn't write 'track' tag to '__eS-NAO3zmn4.m4a' as it's not a positive integer
writeCommonTags: couldn't write 'track' tag to 'UNFORGIVEN_feat._Nile_Rodgers_WdiSosDz4ss.m4a' as it's not a positive integer
writeCommonTags: couldn't write 'track' tag to 'ANTIFRAGILE_SZiwpL62to8.m4a' as it's not a positive integer
writeCommonTags: couldn't write 'track' tag to 'Perfect_Night_Gqfq_8jPw8Q.m4a' as it's not a positive integer
writeCommonTags: couldn't write 'track' tag to 'FEARLESS_Wk3Vxt3knnI.m4a' as it's not a positive integer
writeCommonTags: couldn't write 'track' tag to '__eS-NAO3zmn4.m4a' as it's not a positive integer
writeCommonTags: couldn't write 'track' tag to 'UNFORGIVEN_feat._Nile_Rodgers_WdiSosDz4ss.m4a' as it's not a positive integer
writeCommonTags: couldn't write 'track' tag to 'As_If_It_s_Your_Last_9MbXeqCbS4Q.m4a' as it's not a positive integer
writeCommonTags: couldn't write 'track' tag to 'Don_t_Know_What_To_Do_QVM00XI_dU8.m4a' as it's not a positive integer
writeCommonTags: couldn't write 'track' tag to 'Forever_Young_tT5AkN4r3NM.m4a' as it's not a positive integer
writeCommonTags: couldn't write 'track' tag to 'Stay_IoiaAA4vNaI.m4a' as it's not a positive integer
writeCommonTags: couldn't write 'track' tag to 'Love_To_Hate_Me_wlzGXcTzdzU.m4a' as it's not a positive integer
writeCommonTags: couldn't write 'track' tag to 'Lovesick_Girls_D8RZbI1jfQ0.m4a' as it's not a positive integer
writeCommonTags: couldn't write 'track' tag to 'Pretty_Savage_F8c8f2nK82w.m4a' as it's not a positive integer
writeCommonTags: couldn't write 'track' tag to 'BANGTAN_BOMB_Someone_like_you_sung_produced_by_V_56jN9-cMEBU.m4a' as it's not a positive integer
writeCommonTags: couldn't write 'track' tag to 'Hug_me_performed_by_V_j_hope_tv_HQ-0upns.m4a' as it's not a positive integer
writeCommonTags: couldn't write 'track' tag to 'MV_V_BTS_Sweet_Night_OST_Part_12_ITAEWON_CLASS_OST_Part_12_N5ShoQimivM.m4a' as it's not a positive integer
writeCommonTags: couldn't write 'track' tag to 'Snow_Flower_feat_Peakboy_by_V_2nY0spA5UL4.m4a' as it's not a positive integer
writeCommonTags: couldn't write 'track' tag to 'Intro_Singularity_qHfqRUzz02k.m4a' as it's not a positive integer
writeCommonTags: couldn't write 'track' tag to 'It_s_Definitely_You_eSVDtlPnWuU.m4a' as it's not a positive integer
writeCommonTags: couldn't write 'track' tag to 'BANGTAN_BOMB_Someone_like_you_sung_produced_by_V_56jN9-cMEBU.m4a' as it's not a positive integer
writeCommonTags: couldn't write 'track' tag to 'Hug_me_performed_by_V_j_hope_tv_HQ-0upns.m4a' as it's not a positive integer
writeCommonTags: couldn't write 'track' tag to 'MV_V_BTS_Sweet_Night_OST_Part_12_ITAEWON_CLASS_OST_Part_12_N5ShoQimivM.m4a' as it's not a positive integer
writeCommonTags: couldn't write 'track' tag to 'Snow_Flower_feat_Peakboy_by_V_2nY0spA5UL4.m4a' as it's not a positive integer
writeCommonTags: couldn't write 'track' tag to 'Intro_Singularity_qHfqRUzz02k.m4a' as it's not a positive integer
writeCommonTags: couldn't write 'track' tag to 'It_s_Definitely_You_eSVDtlPnWuU.m4a' as it's not a positive integer
writeCommonTags: couldn't write 'track' tag to 'It_s_Definitely_You_eSVDtlPnWuU.m4a' as it's not a positive integer
writeCommonTags: couldn't write 'track' tag to 'It_s_Definitely_You_eSVDtlPnWuU.m4a' as it's not a positive integer
writeCommonTags: couldn't write 'track' tag to 'Shapeshifter_feat_Styles_Of_Beyond_nzaynIuDw6c.m4a' as it's not a positive integer
